<?xml version="1.0" encoding="UTF-8"?>
<!-- Generated by org.testng.reporters.JUnitReportReporter -->
<testsuite hostname="selenium19" failures="0" tests="4" name="testScripts.PlaceOrderTest" time="1.506" errors="0" timestamp="2024-12-19T10:40:24 IST" skipped="0">
  <testcase classname="testScripts.PlaceOrderTest" name="loginTest" time="0.507"/>
  <system-out/>
  <testcase classname="testScripts.PlaceOrderTest" name="additemTest" time="0.356"/>
  <system-out/>
  <testcase classname="testScripts.PlaceOrderTest" name="checkoutitemTest" time="0.109"/>
  <system-out/>
  <testcase classname="testScripts.PlaceOrderTest" name="checkoutPageTest" time="0.534"/>
  <system-out/>
</testsuite> <!-- testScripts.PlaceOrderTest -->
